2019-11-15 13:51:04,341,root,INFO : connect success-----modelName=base.py,funcName=mconnect,codeLine=20 
2019-11-15 13:51:05,738,root,INFO : app com.android.dialer start done-----modelName=base.py,funcName=mapp_start,codeLine=41 
2019-11-15 13:51:10,368,root,INFO : Found Element {'resourceId': 'com.android.dialer:id/main_options_menu_button'}-----modelName=base.py,funcName=mclick,codeLine=66 
2019-11-15 13:51:13,698,root,INFO : Found Element {'text': 'Settings'}-----modelName=base.py,funcName=mclick,codeLine=66 
2019-11-15 13:51:17,028,root,INFO : Found Element {'text': 'Display options'}-----modelName=base.py,funcName=mclick,codeLine=66 
2019-11-15 13:51:19,027,root,INFO : app com.android.dialer start done-----modelName=base.py,funcName=mapp_start,codeLine=41 
2019-11-15 13:51:23,521,root,INFO : Found Element {'resourceId': 'com.android.dialer:id/main_options_menu_button'}-----modelName=base.py,funcName=mclick,codeLine=66 
2019-11-15 13:51:26,854,root,INFO : Found Element {'text': 'Settings'}-----modelName=base.py,funcName=mclick,codeLine=66 
2019-11-15 13:51:30,190,root,INFO : Found Element {'text': 'Sounds and vibration'}-----modelName=base.py,funcName=mclick,codeLine=66 
2019-11-15 13:51:31,287,root,INFO : app com.android.dialer start done-----modelName=base.py,funcName=mapp_start,codeLine=41 
2019-11-15 13:51:35,948,root,INFO : Found Element {'resourceId': 'com.android.dialer:id/main_options_menu_button'}-----modelName=base.py,funcName=mclick,codeLine=66 
2019-11-15 13:51:39,248,root,INFO : Found Element {'text': 'Settings'}-----modelName=base.py,funcName=mclick,codeLine=66 
2019-11-15 13:51:42,591,root,INFO : Found Element {'text': 'Quick responses'}-----modelName=base.py,funcName=mclick,codeLine=66 
2019-11-15 13:51:43,373,root,INFO : app com.android.dialer start done-----modelName=base.py,funcName=mapp_start,codeLine=41 
2019-11-15 13:52:05,383,root,INFO : app com.android.dialer start done-----modelName=base.py,funcName=mapp_start,codeLine=41 
2019-11-15 13:52:10,418,root,INFO : Found Element {'resourceId': 'com.android.dialer:id/main_options_menu_button'}-----modelName=base.py,funcName=mclick,codeLine=66 
2019-11-15 13:52:13,699,root,INFO : Found Element {'text': 'Settings'}-----modelName=base.py,funcName=mclick,codeLine=66 
2019-11-15 13:52:17,708,root,INFO : Found Element {'text': 'Blocked numbers'}-----modelName=base.py,funcName=mclick,codeLine=66 
2019-11-15 13:52:18,504,root,INFO : app com.android.dialer start done-----modelName=base.py,funcName=mapp_start,codeLine=41 
2019-11-15 13:52:29,533,retry.api,WARNING : uiautomator2.GatewayError(gateway error, time used 11.0s), retrying in 3.0 seconds...-----modelName=api.py,funcName=__retry_internal,codeLine=40 
2019-11-15 13:52:34,710,retry.api,WARNING : uiautomator2.GatewayError(gateway error, time used 2.1s), retrying in 3.5 seconds...-----modelName=api.py,funcName=__retry_internal,codeLine=40 
2019-11-15 13:52:38,713,retry.api,WARNING : ('Connection aborted.', RemoteDisconnected('Remote end closed connection without response')), retrying in 3.0 seconds...-----modelName=api.py,funcName=__retry_internal,codeLine=40 
2019-11-15 13:52:41,740,retry.api,WARNING : ('Connection aborted.', RemoteDisconnected('Remote end closed connection without response')), retrying in 3.5 seconds...-----modelName=api.py,funcName=__retry_internal,codeLine=40 
